
Getting suggestion for c1, c0, f...


Suggestion:     
Current time: 2023-05-15 21:21:57
Status: 1 pending, 0 complete.
ID(s) of pending job(s) for f: 1


Fitting GP to 0 data for c1 task...
Fitting GP to 0 data for c0 task...
Fitting GP to 1 data for f task...
Computing current best...

No feasible solution found (yet).

Maximum total probability of satisfying constraints = 0.25000
  Probability of satisfying                 c1 constraint: 0.50000
  Probability of satisfying                 c0 constraint: 0.50000

At location:    

Getting suggestion for c1, c0, f...

Initializing PES
Computing PES on grid for f.
Optimizing PES with L-BFGS (numerically estimating gradients)
Computing PES on grid for c0.
Optimizing PES with L-BFGS (numerically estimating gradients)
Computing PES on grid for c1.
Optimizing PES with L-BFGS (numerically estimating gradients)

Suggestion: task(s) c1 at location
Current time: 2023-05-15 21:22:01
Status: 1 pending, 1 complete.
ID(s) of pending job(s) for c1: 2


Fitting GP to 1 data for c1 task...
Fitting GP to 0 data for c0 task...
Fitting GP to 1 data for f task...
Computing current best...

No feasible solution found (yet).

Maximum total probability of satisfying constraints = 0.50000
  Probability of satisfying                 c1 constraint: 1.00000
  Probability of satisfying                 c0 constraint: 0.50000

At location:    

Getting suggestion for c1, c0, f...

Initializing PES
Computing PES on grid for f.
Optimizing PES with L-BFGS (numerically estimating gradients)
Computing PES on grid for c0.
Optimizing PES with L-BFGS (numerically estimating gradients)
Computing PES on grid for c1.
Optimizing PES with L-BFGS (numerically estimating gradients)

Suggestion: task(s) c0 at location
Current time: 2023-05-15 21:22:05
Status: 1 pending, 2 complete.
ID(s) of pending job(s) for c0: 3


Fitting GP to 1 data for c1 task...
Fitting GP to 1 data for c0 task...
Fitting GP to 1 data for f task...
Computing current best...

No feasible solution found (yet).

Maximum total probability of satisfying constraints = 0.83224
  Probability of satisfying                 c1 constraint: 0.87255
  Probability of satisfying                 c0 constraint: 0.95380

At location:    

Best observed values satisfying constraints is 1.000000, at location:

Getting suggestion for c1, c0, f...

Initializing PES
Computing PES on grid for f.
Optimizing PES with L-BFGS (numerically estimating gradients)
Computing PES on grid for c0.
Optimizing PES with L-BFGS (numerically estimating gradients)
Computing PES on grid for c1.
Optimizing PES with L-BFGS (numerically estimating gradients)

Suggestion: task(s) c1 at location
Current time: 2023-05-15 21:22:09
Status: 1 pending, 3 complete.
ID(s) of pending job(s) for c1: 4


Fitting GP to 2 data for c1 task...
Fitting GP to 1 data for c0 task...
Fitting GP to 1 data for f task...
Computing current best...

No feasible solution found (yet).

Maximum total probability of satisfying constraints = 0.83991
  Probability of satisfying                 c1 constraint: 0.95364
  Probability of satisfying                 c0 constraint: 0.88073

At location:    

Getting suggestion for c1, c0, f...

Initializing PES
Computing PES on grid for f.
Optimizing PES with L-BFGS (numerically estimating gradients)
Computing PES on grid for c0.
Optimizing PES with L-BFGS (numerically estimating gradients)
Computing PES on grid for c1.
Optimizing PES with L-BFGS (numerically estimating gradients)

Suggestion: task(s) f at location
Current time: 2023-05-15 21:22:14
Status: 1 pending, 4 complete.
ID(s) of pending job(s) for f: 5


Fitting GP to 2 data for c1 task...
Fitting GP to 1 data for c0 task...
Fitting GP to 2 data for f task...
Computing current best...

No feasible solution found (yet).

Maximum total probability of satisfying constraints = 0.87082
  Probability of satisfying                 c1 constraint: 0.87159
  Probability of satisfying                 c0 constraint: 0.99912

At location:    

Getting suggestion for c1, c0, f...

Initializing PES
Computing PES on grid for f.
Optimizing PES with L-BFGS (numerically estimating gradients)
Computing PES on grid for c0.
Optimizing PES with L-BFGS (numerically estimating gradients)
Computing PES on grid for c1.
Optimizing PES with L-BFGS (numerically estimating gradients)

Suggestion: task(s) c0 at location
Current time: 2023-05-15 21:22:18
Status: 1 pending, 5 complete.
ID(s) of pending job(s) for c0: 6


Fitting GP to 2 data for c1 task...
Fitting GP to 2 data for c0 task...
Fitting GP to 2 data for f task...
Computing current best...

No feasible solution found (yet).

Maximum total probability of satisfying constraints = 0.85772
  Probability of satisfying                 c1 constraint: 0.93507
  Probability of satisfying                 c0 constraint: 0.91728

At location:    

Best observed values satisfying constraints is 1.000000, at location:

Getting suggestion for c1, c0, f...

Initializing PES
Computing PES on grid for f.
Optimizing PES with L-BFGS (numerically estimating gradients)
Computing PES on grid for c0.
Optimizing PES with L-BFGS (numerically estimating gradients)
Computing PES on grid for c1.
Optimizing PES with L-BFGS (numerically estimating gradients)

Suggestion: task(s) c0 at location
Current time: 2023-05-15 21:22:23
Status: 1 pending, 6 complete.
ID(s) of pending job(s) for c0: 7


Fitting GP to 2 data for c1 task...
Fitting GP to 3 data for c0 task...
Fitting GP to 2 data for f task...
Computing current best...

No feasible solution found (yet).

Maximum total probability of satisfying constraints = 0.92317
  Probability of satisfying                 c1 constraint: 0.96949
  Probability of satisfying                 c0 constraint: 0.95222

At location:    

Getting suggestion for c1, c0, f...

Initializing PES
Computing PES on grid for f.
Optimizing PES with L-BFGS (numerically estimating gradients)
Computing PES on grid for c0.
Optimizing PES with L-BFGS (numerically estimating gradients)
Computing PES on grid for c1.
Optimizing PES with L-BFGS (numerically estimating gradients)

Suggestion: task(s) c0 at location
Current time: 2023-05-15 21:22:28
Status: 1 pending, 7 complete.
ID(s) of pending job(s) for c0: 8


Fitting GP to 2 data for c1 task...
Fitting GP to 4 data for c0 task...
Fitting GP to 2 data for f task...
Computing current best...

No feasible solution found (yet).

Maximum total probability of satisfying constraints = 0.91778
  Probability of satisfying                 c1 constraint: 0.97428
  Probability of satisfying                 c0 constraint: 0.94201

At location:    

Getting suggestion for c1, c0, f...

Initializing PES
Computing PES on grid for f.
Optimizing PES with L-BFGS (numerically estimating gradients)
Computing PES on grid for c0.
Optimizing PES with L-BFGS (numerically estimating gradients)
Computing PES on grid for c1.
Optimizing PES with L-BFGS (numerically estimating gradients)

Suggestion: task(s) f at location
Current time: 2023-05-15 21:22:32
Status: 1 pending, 8 complete.
ID(s) of pending job(s) for f: 9


Fitting GP to 2 data for c1 task...
Fitting GP to 4 data for c0 task...
Fitting GP to 3 data for f task...
Computing current best...

No feasible solution found (yet).

Maximum total probability of satisfying constraints = 0.90788
  Probability of satisfying                 c1 constraint: 0.99373
  Probability of satisfying                 c0 constraint: 0.91361

At location:    

Getting suggestion for c1, c0, f...

Initializing PES
Computing PES on grid for f.
Optimizing PES with L-BFGS (numerically estimating gradients)
Computing PES on grid for c0.
Optimizing PES with L-BFGS (numerically estimating gradients)
Computing PES on grid for c1.
Optimizing PES with L-BFGS (numerically estimating gradients)

Suggestion: task(s) f at location
Current time: 2023-05-15 21:22:37
Status: 1 pending, 9 complete.
ID(s) of pending job(s) for f: 10


Fitting GP to 2 data for c1 task...
Fitting GP to 4 data for c0 task...
Fitting GP to 4 data for f task...
Computing current best...

No feasible solution found (yet).

Maximum total probability of satisfying constraints = 0.94400
  Probability of satisfying                 c1 constraint: 0.94632
  Probability of satisfying                 c0 constraint: 0.99754

At location:    

Getting suggestion for c1, c0, f...

Initializing PES
Computing PES on grid for f.
Optimizing PES with L-BFGS (numerically estimating gradients)
Computing PES on grid for c0.
Optimizing PES with L-BFGS (numerically estimating gradients)
Computing PES on grid for c1.
Optimizing PES with L-BFGS (numerically estimating gradients)

Suggestion: task(s) f at location
Current time: 2023-05-15 21:22:42
Status: 1 pending, 10 complete.
ID(s) of pending job(s) for f: 11


Fitting GP to 2 data for c1 task...
Fitting GP to 4 data for c0 task...
Fitting GP to 5 data for f task...
Computing current best...

No feasible solution found (yet).

Maximum total probability of satisfying constraints = 0.89386
  Probability of satisfying                 c1 constraint: 0.99645
  Probability of satisfying                 c0 constraint: 0.89704

At location:    

Getting suggestion for c1, c0, f...

Initializing PES
Computing PES on grid for f.
Optimizing PES with L-BFGS (numerically estimating gradients)
Computing PES on grid for c0.
Optimizing PES with L-BFGS (numerically estimating gradients)
Computing PES on grid for c1.
Optimizing PES with L-BFGS (numerically estimating gradients)

Suggestion: task(s) f at location
Current time: 2023-05-15 21:22:47
Status: 1 pending, 11 complete.
ID(s) of pending job(s) for f: 12


Fitting GP to 2 data for c1 task...
Fitting GP to 4 data for c0 task...
Fitting GP to 6 data for f task...
Computing current best...

No feasible solution found (yet).

Maximum total probability of satisfying constraints = 0.87192
  Probability of satisfying                 c1 constraint: 0.99417
  Probability of satisfying                 c0 constraint: 0.87702

At location:    

Getting suggestion for c1, c0, f...

Initializing PES
Computing PES on grid for f.
Optimizing PES with L-BFGS (numerically estimating gradients)
Computing PES on grid for c0.
Optimizing PES with L-BFGS (numerically estimating gradients)
Computing PES on grid for c1.
Optimizing PES with L-BFGS (numerically estimating gradients)

Suggestion: task(s) c1 at location
Current time: 2023-05-15 21:22:52
Status: 1 pending, 12 complete.
ID(s) of pending job(s) for c1: 13


Fitting GP to 3 data for c1 task...
Fitting GP to 4 data for c0 task...
Fitting GP to 6 data for f task...
Computing current best...

No feasible solution found (yet).

Maximum total probability of satisfying constraints = 0.94881
  Probability of satisfying                 c1 constraint: 0.95060
  Probability of satisfying                 c0 constraint: 0.99812

At location:    

Getting suggestion for c1, c0, f...

Initializing PES
Computing PES on grid for f.
Optimizing PES with L-BFGS (numerically estimating gradients)
Computing PES on grid for c0.
Optimizing PES with L-BFGS (numerically estimating gradients)
Computing PES on grid for c1.
Optimizing PES with L-BFGS (numerically estimating gradients)

Suggestion: task(s) c0 at location
Current time: 2023-05-15 21:22:58
Status: 1 pending, 13 complete.
ID(s) of pending job(s) for c0: 14


Fitting GP to 3 data for c1 task...
Fitting GP to 5 data for c0 task...
Fitting GP to 6 data for f task...
Computing current best...

No feasible solution found (yet).

Maximum total probability of satisfying constraints = 0.99438
  Probability of satisfying                 c1 constraint: 0.99449
  Probability of satisfying                 c0 constraint: 0.99988

At location:    

Getting suggestion for c1, c0, f...

Initializing PES
Computing PES on grid for f.
Optimizing PES with L-BFGS (numerically estimating gradients)
Computing PES on grid for c0.
Optimizing PES with L-BFGS (numerically estimating gradients)
Computing PES on grid for c1.
Optimizing PES with L-BFGS (numerically estimating gradients)

Suggestion: task(s) c0 at location
Current time: 2023-05-15 21:23:03
Status: 1 pending, 14 complete.
ID(s) of pending job(s) for c0: 15


Fitting GP to 3 data for c1 task...
Fitting GP to 6 data for c0 task...
Fitting GP to 6 data for f task...
Computing current best...

No feasible solution found (yet).

Maximum total probability of satisfying constraints = 0.99958
  Probability of satisfying                 c1 constraint: 0.99961
  Probability of satisfying                 c0 constraint: 0.99997

At location:    

Getting suggestion for c1, c0, f...

Initializing PES
Computing PES on grid for f.
Optimizing PES with L-BFGS (numerically estimating gradients)
Computing PES on grid for c0.
Optimizing PES with L-BFGS (numerically estimating gradients)
Computing PES on grid for c1.
Optimizing PES with L-BFGS (numerically estimating gradients)

Suggestion: task(s) c0 at location
Current time: 2023-05-15 21:23:08
Status: 1 pending, 15 complete.
ID(s) of pending job(s) for c0: 16


Fitting GP to 3 data for c1 task...
Fitting GP to 7 data for c0 task...
Fitting GP to 6 data for f task...
Computing current best...

No feasible solution found (yet).

Maximum total probability of satisfying constraints = 0.99818
  Probability of satisfying                 c1 constraint: 0.99870
  Probability of satisfying                 c0 constraint: 0.99949

At location:    

Getting suggestion for c1, c0, f...

Initializing PES
Computing PES on grid for f.
Optimizing PES with L-BFGS (numerically estimating gradients)
Computing PES on grid for c0.
Optimizing PES with L-BFGS (numerically estimating gradients)
Computing PES on grid for c1.
Optimizing PES with L-BFGS (numerically estimating gradients)

Suggestion: task(s) c0 at location
Current time: 2023-05-15 21:23:12
Status: 1 pending, 16 complete.
ID(s) of pending job(s) for c0: 17


Fitting GP to 3 data for c1 task...
Fitting GP to 8 data for c0 task...
Fitting GP to 6 data for f task...
Computing current best...

No feasible solution found (yet).

Maximum total probability of satisfying constraints = 0.99965
  Probability of satisfying                 c1 constraint: 0.99995
  Probability of satisfying                 c0 constraint: 0.99970

At location:    

Getting suggestion for c1, c0, f...

Initializing PES
Computing PES on grid for f.
Optimizing PES with L-BFGS (numerically estimating gradients)
Computing PES on grid for c0.
Optimizing PES with L-BFGS (numerically estimating gradients)
Computing PES on grid for c1.
Optimizing PES with L-BFGS (numerically estimating gradients)

Suggestion: task(s) f at location
Current time: 2023-05-15 21:23:17
Status: 1 pending, 17 complete.
ID(s) of pending job(s) for f: 18


Fitting GP to 3 data for c1 task...
Fitting GP to 8 data for c0 task...
Fitting GP to 7 data for f task...
Computing current best...
Feasible solution found.

Optimizing current best with scipy SLSQP

Minimum expected objective value satisfying constraints w/ high prob (c1:0.99998,c0:0.99993): 1.034149

At location:    

Getting suggestion for c1, c0, f...

Initializing PES
Computing PES on grid for f.
Optimizing PES with L-BFGS (numerically estimating gradients)
Computing PES on grid for c0.
Optimizing PES with L-BFGS (numerically estimating gradients)
Computing PES on grid for c1.
Optimizing PES with L-BFGS (numerically estimating gradients)

Suggestion: task(s) f at location
Current time: 2023-05-15 21:23:22
Status: 1 pending, 18 complete.
ID(s) of pending job(s) for f: 19


Fitting GP to 3 data for c1 task...
Fitting GP to 8 data for c0 task...
Fitting GP to 8 data for f task...
Computing current best...

No feasible solution found (yet).

Maximum total probability of satisfying constraints = 0.98313
  Probability of satisfying                 c1 constraint: 0.99949
  Probability of satisfying                 c0 constraint: 0.98363

At location:    

Getting suggestion for c1, c0, f...

Initializing PES
Computing PES on grid for f.
Optimizing PES with L-BFGS (numerically estimating gradients)
Computing PES on grid for c0.
Optimizing PES with L-BFGS (numerically estimating gradients)
Computing PES on grid for c1.
Optimizing PES with L-BFGS (numerically estimating gradients)

Suggestion: task(s) f at location
Current time: 2023-05-15 21:23:27
Status: 1 pending, 19 complete.
ID(s) of pending job(s) for f: 20


Fitting GP to 3 data for c1 task...
Fitting GP to 8 data for c0 task...
Fitting GP to 9 data for f task...
Computing current best...
Feasible solution found.

Optimizing current best with scipy SLSQP

Minimum expected objective value satisfying constraints w/ high prob (c1:0.99993,c0:0.99998): 0.778804

At location:    

Getting suggestion for c1, c0, f...

Initializing PES
Computing PES on grid for f.
Optimizing PES with L-BFGS (numerically estimating gradients)
Computing PES on grid for c0.
Optimizing PES with L-BFGS (numerically estimating gradients)
Computing PES on grid for c1.
Optimizing PES with L-BFGS (numerically estimating gradients)

Suggestion: task(s) f at location
Current time: 2023-05-15 21:23:33
Status: 1 pending, 20 complete.
ID(s) of pending job(s) for f: 21


Fitting GP to 3 data for c1 task...
Fitting GP to 8 data for c0 task...
Fitting GP to 10 data for f task...
Computing current best...
Feasible solution found.

Optimizing current best with scipy SLSQP

Minimum expected objective value satisfying constraints w/ high prob (c1:0.99999,c0:0.99991): 0.846949

At location:    

Getting suggestion for c1, c0, f...

Initializing PES
Computing PES on grid for f.
Optimizing PES with L-BFGS (numerically estimating gradients)
Computing PES on grid for c0.
Optimizing PES with L-BFGS (numerically estimating gradients)
Computing PES on grid for c1.
Optimizing PES with L-BFGS (numerically estimating gradients)

Suggestion: task(s) f at location
Current time: 2023-05-15 21:23:38
Status: 1 pending, 21 complete.
ID(s) of pending job(s) for f: 22


Fitting GP to 3 data for c1 task...
Fitting GP to 8 data for c0 task...
Fitting GP to 11 data for f task...
Computing current best...
Feasible solution found.

Optimizing current best with scipy SLSQP

Minimum expected objective value satisfying constraints w/ high prob (c1:0.99991,c0:1.00000): 0.842032

At location:    

Getting suggestion for c1, c0, f...

Initializing PES
Computing PES on grid for f.
Optimizing PES with L-BFGS (numerically estimating gradients)
Computing PES on grid for c0.
Optimizing PES with L-BFGS (numerically estimating gradients)
Computing PES on grid for c1.
Optimizing PES with L-BFGS (numerically estimating gradients)

Suggestion: task(s) f at location
Current time: 2023-05-15 21:23:44
Status: 1 pending, 22 complete.
ID(s) of pending job(s) for f: 23


Fitting GP to 3 data for c1 task...
Fitting GP to 8 data for c0 task...
Fitting GP to 12 data for f task...
Computing current best...
Feasible solution found.

Optimizing current best with scipy SLSQP

Minimum expected objective value satisfying constraints w/ high prob (c1:0.99991,c0:1.00000): 0.867841

At location:    

Getting suggestion for c1, c0, f...

Initializing PES
Computing PES on grid for f.
Optimizing PES with L-BFGS (numerically estimating gradients)
Computing PES on grid for c0.
Optimizing PES with L-BFGS (numerically estimating gradients)
Computing PES on grid for c1.
Optimizing PES with L-BFGS (numerically estimating gradients)

Suggestion: task(s) c0 at location
Current time: 2023-05-15 21:23:49
Status: 1 pending, 23 complete.
ID(s) of pending job(s) for c0: 24


Fitting GP to 3 data for c1 task...
Fitting GP to 9 data for c0 task...
Fitting GP to 12 data for f task...
Computing current best...

No feasible solution found (yet).

Maximum total probability of satisfying constraints = 0.99807
  Probability of satisfying                 c1 constraint: 0.99989
  Probability of satisfying                 c0 constraint: 0.99818

At location:    

Getting suggestion for c1, c0, f...

Initializing PES
Computing PES on grid for f.
Optimizing PES with L-BFGS (numerically estimating gradients)
Computing PES on grid for c0.
Optimizing PES with L-BFGS (numerically estimating gradients)
Computing PES on grid for c1.
Optimizing PES with L-BFGS (numerically estimating gradients)

Suggestion: task(s) c0 at location
Current time: 2023-05-15 21:23:54
Status: 1 pending, 24 complete.
ID(s) of pending job(s) for c0: 25


Fitting GP to 3 data for c1 task...
Fitting GP to 10 data for c0 task...
Fitting GP to 12 data for f task...
Computing current best...
Feasible solution found.

Optimizing current best with scipy SLSQP

Minimum expected objective value satisfying constraints w/ high prob (c1:0.99993,c0:1.00000): 0.915554

At location:    

Getting suggestion for c1, c0, f...

Initializing PES
Computing PES on grid for f.
Optimizing PES with L-BFGS (numerically estimating gradients)
Computing PES on grid for c0.
Optimizing PES with L-BFGS (numerically estimating gradients)
Computing PES on grid for c1.
Optimizing PES with L-BFGS (numerically estimating gradients)

Suggestion: task(s) c0 at location
Current time: 2023-05-15 21:24:00
Status: 1 pending, 25 complete.
ID(s) of pending job(s) for c0: 26


Fitting GP to 3 data for c1 task...
Fitting GP to 11 data for c0 task...
Fitting GP to 12 data for f task...
Computing current best...

No feasible solution found (yet).

Maximum total probability of satisfying constraints = 0.99964
  Probability of satisfying                 c1 constraint: 0.99994
  Probability of satisfying                 c0 constraint: 0.99970

At location:    

Getting suggestion for c1, c0, f...

Initializing PES
Computing PES on grid for f.
Optimizing PES with L-BFGS (numerically estimating gradients)
Computing PES on grid for c0.
Optimizing PES with L-BFGS (numerically estimating gradients)
Computing PES on grid for c1.
Optimizing PES with L-BFGS (numerically estimating gradients)

Suggestion: task(s) f at location
Current time: 2023-05-15 21:24:05
Status: 1 pending, 26 complete.
ID(s) of pending job(s) for f: 27


Fitting GP to 3 data for c1 task...
Fitting GP to 11 data for c0 task...
Fitting GP to 13 data for f task...
Computing current best...

No feasible solution found (yet).

Maximum total probability of satisfying constraints = 0.99984
  Probability of satisfying                 c1 constraint: 0.99998
  Probability of satisfying                 c0 constraint: 0.99986

At location:    

Getting suggestion for c1, c0, f...

Initializing PES
Computing PES on grid for f.
Optimizing PES with L-BFGS (numerically estimating gradients)
Computing PES on grid for c0.
Optimizing PES with L-BFGS (numerically estimating gradients)
Computing PES on grid for c1.
Optimizing PES with L-BFGS (numerically estimating gradients)

Suggestion: task(s) c0 at location
Current time: 2023-05-15 21:24:12
Status: 1 pending, 27 complete.
ID(s) of pending job(s) for c0: 28


Fitting GP to 3 data for c1 task...
Fitting GP to 12 data for c0 task...
Fitting GP to 13 data for f task...
Computing current best...

No feasible solution found (yet).

Maximum total probability of satisfying constraints = 0.99985
  Probability of satisfying                 c1 constraint: 1.00000
  Probability of satisfying                 c0 constraint: 0.99985

At location:    

Getting suggestion for c1, c0, f...

Initializing PES
Computing PES on grid for f.
Optimizing PES with L-BFGS (numerically estimating gradients)
Computing PES on grid for c0.
Optimizing PES with L-BFGS (numerically estimating gradients)
Computing PES on grid for c1.
Optimizing PES with L-BFGS (numerically estimating gradients)

Suggestion: task(s) f at location
Current time: 2023-05-15 21:24:17
Status: 1 pending, 28 complete.
ID(s) of pending job(s) for f: 29


Fitting GP to 3 data for c1 task...
Fitting GP to 12 data for c0 task...
Fitting GP to 14 data for f task...
Computing current best...

No feasible solution found (yet).

Maximum total probability of satisfying constraints = 0.99974
  Probability of satisfying                 c1 constraint: 0.99997
  Probability of satisfying                 c0 constraint: 0.99976

At location:    

Getting suggestion for c1, c0, f...

Initializing PES
Computing PES on grid for f.
Optimizing PES with L-BFGS (numerically estimating gradients)
Computing PES on grid for c0.
Optimizing PES with L-BFGS (numerically estimating gradients)
Computing PES on grid for c1.
Optimizing PES with L-BFGS (numerically estimating gradients)

Suggestion: task(s) f at location
Current time: 2023-05-15 21:24:23
Status: 1 pending, 29 complete.
ID(s) of pending job(s) for f: 30


Fitting GP to 3 data for c1 task...
Fitting GP to 12 data for c0 task...
Fitting GP to 15 data for f task...
Computing current best...

No feasible solution found (yet).

Maximum total probability of satisfying constraints = 0.99934
  Probability of satisfying                 c1 constraint: 0.99988
  Probability of satisfying                 c0 constraint: 0.99945

At location:    

Getting suggestion for c1, c0, f...

Initializing PES
Computing PES on grid for f.
Optimizing PES with L-BFGS (numerically estimating gradients)
Computing PES on grid for c0.
Optimizing PES with L-BFGS (numerically estimating gradients)
Computing PES on grid for c1.
Optimizing PES with L-BFGS (numerically estimating gradients)

Suggestion: task(s) c0 at location
Current time: 2023-05-15 21:24:29
Status: 1 pending, 30 complete.
ID(s) of pending job(s) for c0: 31


Fitting GP to 3 data for c1 task...
Fitting GP to 13 data for c0 task...
Fitting GP to 15 data for f task...
Computing current best...
Feasible solution found.

Optimizing current best with scipy SLSQP

Minimum expected objective value satisfying constraints w/ high prob (c1:0.99998,c0:0.99994): 0.989842

At location:    

Getting suggestion for c1, c0, f...

Initializing PES
Computing PES on grid for f.
Optimizing PES with L-BFGS (numerically estimating gradients)
Computing PES on grid for c0.
Optimizing PES with L-BFGS (numerically estimating gradients)
Computing PES on grid for c1.
Optimizing PES with L-BFGS (numerically estimating gradients)

Suggestion: task(s) f at location
Current time: 2023-05-15 21:24:36
Status: 1 pending, 31 complete.
ID(s) of pending job(s) for f: 32


Fitting GP to 3 data for c1 task...
Fitting GP to 13 data for c0 task...
Fitting GP to 16 data for f task...
Computing current best...

No feasible solution found (yet).

Maximum total probability of satisfying constraints = 0.99983
  Probability of satisfying                 c1 constraint: 0.99999
  Probability of satisfying                 c0 constraint: 0.99984

At location:    

Getting suggestion for c1, c0, f...

Initializing PES
Computing PES on grid for f.
Optimizing PES with L-BFGS (numerically estimating gradients)
Computing PES on grid for c0.
Optimizing PES with L-BFGS (numerically estimating gradients)
Computing PES on grid for c1.
Optimizing PES with L-BFGS (numerically estimating gradients)

Suggestion: task(s) f at location
Current time: 2023-05-15 21:24:42
Status: 1 pending, 32 complete.
ID(s) of pending job(s) for f: 33


Fitting GP to 3 data for c1 task...
Fitting GP to 13 data for c0 task...
Fitting GP to 17 data for f task...
Computing current best...

No feasible solution found (yet).

Maximum total probability of satisfying constraints = 0.99983
  Probability of satisfying                 c1 constraint: 0.99998
  Probability of satisfying                 c0 constraint: 0.99984

At location:    

Getting suggestion for c1, c0, f...

Initializing PES
Computing PES on grid for f.
Optimizing PES with L-BFGS (numerically estimating gradients)
Computing PES on grid for c0.
Optimizing PES with L-BFGS (numerically estimating gradients)
Computing PES on grid for c1.
Optimizing PES with L-BFGS (numerically estimating gradients)

Suggestion: task(s) c1 at location
Current time: 2023-05-15 21:24:49
Status: 1 pending, 33 complete.
ID(s) of pending job(s) for c1: 34


Fitting GP to 4 data for c1 task...
Fitting GP to 13 data for c0 task...
Fitting GP to 17 data for f task...
Computing current best...
Feasible solution found.

Optimizing current best with scipy SLSQP

Minimum expected objective value satisfying constraints w/ high prob (c1:0.99995,c0:1.00000): 0.932470

At location:    

Getting suggestion for c1, c0, f...

Initializing PES
Computing PES on grid for f.
Optimizing PES with L-BFGS (numerically estimating gradients)
Computing PES on grid for c0.
Optimizing PES with L-BFGS (numerically estimating gradients)
Computing PES on grid for c1.
Optimizing PES with L-BFGS (numerically estimating gradients)

Suggestion: task(s) f at location
Current time: 2023-05-15 21:24:55
Status: 1 pending, 34 complete.
ID(s) of pending job(s) for f: 35


Fitting GP to 4 data for c1 task...
Fitting GP to 13 data for c0 task...
Fitting GP to 18 data for f task...
Computing current best...
Feasible solution found.

Optimizing current best with scipy SLSQP

Minimum expected objective value satisfying constraints w/ high prob (c1:0.99991,c0:1.00000): 0.914080

At location:    

Getting suggestion for c1, c0, f...

Initializing PES
Computing PES on grid for f.
Optimizing PES with L-BFGS (numerically estimating gradients)
Computing PES on grid for c0.
Optimizing PES with L-BFGS (numerically estimating gradients)
Computing PES on grid for c1.
Optimizing PES with L-BFGS (numerically estimating gradients)

Suggestion: task(s) c0 at location
Current time: 2023-05-15 21:25:01
Status: 1 pending, 35 complete.
ID(s) of pending job(s) for c0: 36


Fitting GP to 4 data for c1 task...
Fitting GP to 14 data for c0 task...
Fitting GP to 18 data for f task...
Computing current best...
Feasible solution found.

Optimizing current best with scipy SLSQP

Minimum expected objective value satisfying constraints w/ high prob (c1:1.00000,c0:0.99991): 0.719684

At location:    

Getting suggestion for c1, c0, f...

Initializing PES
Computing PES on grid for f.
Optimizing PES with L-BFGS (numerically estimating gradients)
Computing PES on grid for c0.
Optimizing PES with L-BFGS (numerically estimating gradients)
Computing PES on grid for c1.
Optimizing PES with L-BFGS (numerically estimating gradients)

Suggestion: task(s) f at location
Current time: 2023-05-15 21:25:07
Status: 1 pending, 36 complete.
ID(s) of pending job(s) for f: 37


Fitting GP to 4 data for c1 task...
Fitting GP to 14 data for c0 task...
Fitting GP to 19 data for f task...
Computing current best...
Feasible solution found.

Optimizing current best with scipy SLSQP

Minimum expected objective value satisfying constraints w/ high prob (c1:1.00000,c0:0.99990): 0.794380

At location:    

Getting suggestion for c1, c0, f...

Initializing PES
Computing PES on grid for f.
Optimizing PES with L-BFGS (numerically estimating gradients)
Computing PES on grid for c0.
Optimizing PES with L-BFGS (numerically estimating gradients)
Computing PES on grid for c1.
Optimizing PES with L-BFGS (numerically estimating gradients)

Suggestion: task(s) c0 at location
Current time: 2023-05-15 21:25:14
Status: 1 pending, 37 complete.
ID(s) of pending job(s) for c0: 38


Fitting GP to 4 data for c1 task...
Fitting GP to 15 data for c0 task...
Fitting GP to 19 data for f task...
Computing current best...
Feasible solution found.

Optimizing current best with scipy SLSQP

Minimum expected objective value satisfying constraints w/ high prob (c1:1.00000,c0:0.99992): 0.753257

At location:    

Getting suggestion for c1, c0, f...

Initializing PES
Computing PES on grid for f.
Optimizing PES with L-BFGS (numerically estimating gradients)
Computing PES on grid for c0.
Optimizing PES with L-BFGS (numerically estimating gradients)
Computing PES on grid for c1.
Optimizing PES with L-BFGS (numerically estimating gradients)

Suggestion: task(s) c0 at location
Current time: 2023-05-15 21:25:20
Status: 1 pending, 38 complete.
ID(s) of pending job(s) for c0: 39


Fitting GP to 4 data for c1 task...
Fitting GP to 16 data for c0 task...
Fitting GP to 19 data for f task...
Computing current best...
Feasible solution found.

Optimizing current best with scipy SLSQP

Minimum expected objective value satisfying constraints w/ high prob (c1:1.00000,c0:0.99990): 0.645936

At location:    

Getting suggestion for c1, c0, f...

Initializing PES
Computing PES on grid for f.
Optimizing PES with L-BFGS (numerically estimating gradients)
Computing PES on grid for c0.
Optimizing PES with L-BFGS (numerically estimating gradients)
Computing PES on grid for c1.
Optimizing PES with L-BFGS (numerically estimating gradients)

Suggestion: task(s) c0 at location
Current time: 2023-05-15 21:25:27
Status: 1 pending, 39 complete.
ID(s) of pending job(s) for c0: 40


Fitting GP to 4 data for c1 task...
Fitting GP to 17 data for c0 task...
Fitting GP to 19 data for f task...
Computing current best...
Feasible solution found.

Optimizing current best with scipy SLSQP

Minimum expected objective value satisfying constraints w/ high prob (c1:1.00000,c0:0.99990): 0.657125

At location:    

Getting suggestion for c1, c0, f...

Initializing PES
Computing PES on grid for f.
Optimizing PES with L-BFGS (numerically estimating gradients)
Computing PES on grid for c0.
Optimizing PES with L-BFGS (numerically estimating gradients)
Computing PES on grid for c1.
Optimizing PES with L-BFGS (numerically estimating gradients)

Suggestion: task(s) c0 at location
Current time: 2023-05-15 21:25:34
Status: 1 pending, 40 complete.
ID(s) of pending job(s) for c0: 41


Fitting GP to 4 data for c1 task...
Fitting GP to 18 data for c0 task...
Fitting GP to 19 data for f task...
Computing current best...
Feasible solution found.

Optimizing current best with scipy SLSQP

Minimum expected objective value satisfying constraints w/ high prob (c1:0.99991,c0:0.99999): 0.934438

At location:    

Getting suggestion for c1, c0, f...

Initializing PES
Computing PES on grid for f.
Optimizing PES with L-BFGS (numerically estimating gradients)
Computing PES on grid for c0.
Optimizing PES with L-BFGS (numerically estimating gradients)
Computing PES on grid for c1.
Optimizing PES with L-BFGS (numerically estimating gradients)

Suggestion: task(s) c0 at location
Current time: 2023-05-15 21:25:40
Status: 1 pending, 41 complete.
ID(s) of pending job(s) for c0: 42


Fitting GP to 4 data for c1 task...
Fitting GP to 19 data for c0 task...
Fitting GP to 19 data for f task...
Computing current best...

No feasible solution found (yet).

Maximum total probability of satisfying constraints = 0.99984
  Probability of satisfying                 c1 constraint: 0.99998
  Probability of satisfying                 c0 constraint: 0.99986

At location:    

Getting suggestion for c1, c0, f...

Initializing PES
Computing PES on grid for f.
Optimizing PES with L-BFGS (numerically estimating gradients)
Computing PES on grid for c0.
Optimizing PES with L-BFGS (numerically estimating gradients)
Computing PES on grid for c1.
Optimizing PES with L-BFGS (numerically estimating gradients)

Suggestion: task(s) f at location
Current time: 2023-05-15 21:25:46
Status: 1 pending, 42 complete.
ID(s) of pending job(s) for f: 43


Fitting GP to 4 data for c1 task...
Fitting GP to 19 data for c0 task...
Fitting GP to 20 data for f task...
Computing current best...
Feasible solution found.

Optimizing current best with scipy SLSQP

Minimum expected objective value satisfying constraints w/ high prob (c1:0.99991,c0:1.00000): 0.849213

At location:    

Getting suggestion for c1, c0, f...

Initializing PES
Computing PES on grid for f.
Optimizing PES with L-BFGS (numerically estimating gradients)
Computing PES on grid for c0.
Optimizing PES with L-BFGS (numerically estimating gradients)
Computing PES on grid for c1.
Optimizing PES with L-BFGS (numerically estimating gradients)

Suggestion: task(s) c0 at location
Current time: 2023-05-15 21:25:52
Status: 1 pending, 43 complete.
ID(s) of pending job(s) for c0: 44


Fitting GP to 4 data for c1 task...
Fitting GP to 20 data for c0 task...
Fitting GP to 20 data for f task...
Computing current best...
Feasible solution found.

Optimizing current best with scipy SLSQP

Minimum expected objective value satisfying constraints w/ high prob (c1:1.00000,c0:0.99991): 0.661837

At location:    

Getting suggestion for c1, c0, f...

Initializing PES
Computing PES on grid for f.
Optimizing PES with L-BFGS (numerically estimating gradients)
Computing PES on grid for c0.
Optimizing PES with L-BFGS (numerically estimating gradients)
Computing PES on grid for c1.
Optimizing PES with L-BFGS (numerically estimating gradients)

Suggestion: task(s) c0 at location
Current time: 2023-05-15 21:25:58
Status: 1 pending, 44 complete.
ID(s) of pending job(s) for c0: 45


Fitting GP to 4 data for c1 task...
Fitting GP to 21 data for c0 task...
Fitting GP to 20 data for f task...
Computing current best...
Feasible solution found.

Optimizing current best with scipy SLSQP

Minimum expected objective value satisfying constraints w/ high prob (c1:1.00000,c0:0.99991): 0.748040

At location:    

Getting suggestion for c1, c0, f...

Initializing PES
Computing PES on grid for f.
Optimizing PES with L-BFGS (numerically estimating gradients)
Computing PES on grid for c0.
Optimizing PES with L-BFGS (numerically estimating gradients)
Computing PES on grid for c1.
Optimizing PES with L-BFGS (numerically estimating gradients)

Suggestion: task(s) c0 at location
Current time: 2023-05-15 21:26:04
Status: 1 pending, 45 complete.
ID(s) of pending job(s) for c0: 46


Fitting GP to 4 data for c1 task...
Fitting GP to 22 data for c0 task...
Fitting GP to 20 data for f task...
Computing current best...
Feasible solution found.

Optimizing current best with scipy SLSQP

Minimum expected objective value satisfying constraints w/ high prob (c1:1.00000,c0:0.99990): 0.716053

At location:    

Getting suggestion for c1, c0, f...

Initializing PES
Computing PES on grid for f.
Optimizing PES with L-BFGS (numerically estimating gradients)
Computing PES on grid for c0.
Optimizing PES with L-BFGS (numerically estimating gradients)
Computing PES on grid for c1.
Optimizing PES with L-BFGS (numerically estimating gradients)

Suggestion: task(s) c0 at location
Current time: 2023-05-15 21:26:09
Status: 1 pending, 46 complete.
ID(s) of pending job(s) for c0: 47


Fitting GP to 4 data for c1 task...
Fitting GP to 23 data for c0 task...
Fitting GP to 20 data for f task...
Computing current best...
Feasible solution found.

Optimizing current best with scipy SLSQP

Minimum expected objective value satisfying constraints w/ high prob (c1:0.99992,c0:1.00000): 0.904204

At location:    

Getting suggestion for c1, c0, f...

Initializing PES
Computing PES on grid for f.
Optimizing PES with L-BFGS (numerically estimating gradients)
Computing PES on grid for c0.
Optimizing PES with L-BFGS (numerically estimating gradients)
Computing PES on grid for c1.
Optimizing PES with L-BFGS (numerically estimating gradients)

Suggestion: task(s) c0 at location
Current time: 2023-05-15 21:26:16
Status: 1 pending, 47 complete.
ID(s) of pending job(s) for c0: 48


Fitting GP to 4 data for c1 task...
Fitting GP to 24 data for c0 task...
Fitting GP to 20 data for f task...
Computing current best...
Feasible solution found.

Optimizing current best with scipy SLSQP

Minimum expected objective value satisfying constraints w/ high prob (c1:0.99991,c0:0.99999): 0.896417

At location:    

Getting suggestion for c1, c0, f...

Initializing PES
Computing PES on grid for f.
Optimizing PES with L-BFGS (numerically estimating gradients)
Computing PES on grid for c0.
Optimizing PES with L-BFGS (numerically estimating gradients)
Computing PES on grid for c1.
Optimizing PES with L-BFGS (numerically estimating gradients)

Suggestion: task(s) c0 at location
Current time: 2023-05-15 21:26:22
Status: 1 pending, 48 complete.
ID(s) of pending job(s) for c0: 49


Fitting GP to 4 data for c1 task...
Fitting GP to 25 data for c0 task...
Fitting GP to 20 data for f task...
Computing current best...
Feasible solution found.

Optimizing current best with scipy SLSQP

Minimum expected objective value satisfying constraints w/ high prob (c1:1.00000,c0:0.99991): 0.588999

At location:    

Getting suggestion for c1, c0, f...

Initializing PES
Computing PES on grid for f.
Optimizing PES with L-BFGS (numerically estimating gradients)
Computing PES on grid for c0.
Optimizing PES with L-BFGS (numerically estimating gradients)
Computing PES on grid for c1.
Optimizing PES with L-BFGS (numerically estimating gradients)

Suggestion: task(s) c0 at location
Current time: 2023-05-15 21:26:28
Status: 1 pending, 49 complete.
ID(s) of pending job(s) for c0: 50


Fitting GP to 4 data for c1 task...
Fitting GP to 26 data for c0 task...
Fitting GP to 20 data for f task...
Computing current best...
Feasible solution found.

Optimizing current best with scipy SLSQP

Minimum expected objective value satisfying constraints w/ high prob (c1:0.99993,c0:0.99998): 0.888870

At location:    

Getting suggestion for c1, c0, f...

Initializing PES
Computing PES on grid for f.
Optimizing PES with L-BFGS (numerically estimating gradients)
Computing PES on grid for c0.
Optimizing PES with L-BFGS (numerically estimating gradients)
Computing PES on grid for c1.
Optimizing PES with L-BFGS (numerically estimating gradients)

Suggestion: task(s) c0 at location
Current time: 2023-05-15 21:26:35
Status: 1 pending, 50 complete.
ID(s) of pending job(s) for c0: 51


Fitting GP to 4 data for c1 task...
Fitting GP to 27 data for c0 task...
Fitting GP to 20 data for f task...
Computing current best...
Feasible solution found.

Optimizing current best with scipy SLSQP

Minimum expected objective value satisfying constraints w/ high prob (c1:0.99994,c0:0.99996): 0.673085

At location:    

Getting suggestion for c1, c0, f...

Initializing PES
Computing PES on grid for f.
Optimizing PES with L-BFGS (numerically estimating gradients)
Computing PES on grid for c0.
Optimizing PES with L-BFGS (numerically estimating gradients)
Computing PES on grid for c1.
Optimizing PES with L-BFGS (numerically estimating gradients)

Suggestion: task(s) c0 at location
Current time: 2023-05-15 21:26:41
Status: 1 pending, 51 complete.
ID(s) of pending job(s) for c0: 52


Fitting GP to 4 data for c1 task...
Fitting GP to 28 data for c0 task...
Fitting GP to 20 data for f task...
Computing current best...
Feasible solution found.

Optimizing current best with scipy SLSQP

Minimum expected objective value satisfying constraints w/ high prob (c1:1.00000,c0:0.99992): 0.735883

At location:    

Getting suggestion for c1, c0, f...

Initializing PES
Computing PES on grid for f.
Optimizing PES with L-BFGS (numerically estimating gradients)
Computing PES on grid for c0.
Optimizing PES with L-BFGS (numerically estimating gradients)
Computing PES on grid for c1.
Optimizing PES with L-BFGS (numerically estimating gradients)

Suggestion: task(s) c0 at location
Current time: 2023-05-15 21:26:47
Status: 1 pending, 52 complete.
ID(s) of pending job(s) for c0: 53


Fitting GP to 4 data for c1 task...
Fitting GP to 29 data for c0 task...
Fitting GP to 20 data for f task...
Computing current best...
Feasible solution found.

Optimizing current best with scipy SLSQP

Minimum expected objective value satisfying constraints w/ high prob (c1:0.99997,c0:1.00000): 0.921527

At location:    

Getting suggestion for c1, c0, f...

Initializing PES
Computing PES on grid for f.
Optimizing PES with L-BFGS (numerically estimating gradients)
Computing PES on grid for c0.
Optimizing PES with L-BFGS (numerically estimating gradients)
Computing PES on grid for c1.
Optimizing PES with L-BFGS (numerically estimating gradients)

Suggestion: task(s) c0 at location
Current time: 2023-05-15 21:26:54
Status: 1 pending, 53 complete.
ID(s) of pending job(s) for c0: 54


Fitting GP to 4 data for c1 task...
Fitting GP to 30 data for c0 task...
Fitting GP to 20 data for f task...
Computing current best...
Feasible solution found.

Optimizing current best with scipy SLSQP

Minimum expected objective value satisfying constraints w/ high prob (c1:0.99992,c0:1.00000): 0.902717

At location:    

Getting suggestion for c1, c0, f...

Initializing PES
Computing PES on grid for f.
Optimizing PES with L-BFGS (numerically estimating gradients)
Computing PES on grid for c0.
Optimizing PES with L-BFGS (numerically estimating gradients)
Computing PES on grid for c1.
Optimizing PES with L-BFGS (numerically estimating gradients)

Suggestion: task(s) c0 at location
Current time: 2023-05-15 21:27:00
Status: 1 pending, 54 complete.
ID(s) of pending job(s) for c0: 55


Fitting GP to 4 data for c1 task...
Fitting GP to 31 data for c0 task...
Fitting GP to 20 data for f task...
Computing current best...
Feasible solution found.

Optimizing current best with scipy SLSQP

Minimum expected objective value satisfying constraints w/ high prob (c1:1.00000,c0:0.99991): 0.663418

At location:    

Getting suggestion for c1, c0, f...

Initializing PES
Computing PES on grid for f.
Optimizing PES with L-BFGS (numerically estimating gradients)
Computing PES on grid for c0.
Optimizing PES with L-BFGS (numerically estimating gradients)
Computing PES on grid for c1.
Optimizing PES with L-BFGS (numerically estimating gradients)

Suggestion: task(s) c0 at location
Current time: 2023-05-15 21:27:07
Status: 1 pending, 55 complete.
ID(s) of pending job(s) for c0: 56


Fitting GP to 4 data for c1 task...
Fitting GP to 32 data for c0 task...
Fitting GP to 20 data for f task...
Computing current best...
Feasible solution found.

Optimizing current best with scipy SLSQP

Minimum expected objective value satisfying constraints w/ high prob (c1:1.00000,c0:0.99991): 0.653720

At location:    

Getting suggestion for c1, c0, f...

Initializing PES
Computing PES on grid for f.
Optimizing PES with L-BFGS (numerically estimating gradients)
Computing PES on grid for c0.
Optimizing PES with L-BFGS (numerically estimating gradients)
Computing PES on grid for c1.
Optimizing PES with L-BFGS (numerically estimating gradients)

Suggestion: task(s) c0 at location
Current time: 2023-05-15 21:27:13
Status: 1 pending, 56 complete.
ID(s) of pending job(s) for c0: 57


Fitting GP to 4 data for c1 task...
Fitting GP to 33 data for c0 task...
Fitting GP to 20 data for f task...
Computing current best...
Feasible solution found.

Optimizing current best with scipy SLSQP

Minimum expected objective value satisfying constraints w/ high prob (c1:1.00000,c0:0.99991): 0.697043

At location:    

Getting suggestion for c1, c0, f...

Initializing PES
Computing PES on grid for f.
Optimizing PES with L-BFGS (numerically estimating gradients)
Computing PES on grid for c0.
Optimizing PES with L-BFGS (numerically estimating gradients)
Computing PES on grid for c1.
Optimizing PES with L-BFGS (numerically estimating gradients)

Suggestion: task(s) c0 at location
Current time: 2023-05-15 21:27:19
Status: 1 pending, 57 complete.
ID(s) of pending job(s) for c0: 58


Fitting GP to 4 data for c1 task...
Fitting GP to 34 data for c0 task...
Fitting GP to 20 data for f task...
Computing current best...
Feasible solution found.

Optimizing current best with scipy SLSQP

Minimum expected objective value satisfying constraints w/ high prob (c1:0.99993,c0:1.00000): 0.954466

At location:    

Getting suggestion for c1, c0, f...

Initializing PES
Computing PES on grid for f.
Optimizing PES with L-BFGS (numerically estimating gradients)
Computing PES on grid for c0.
Optimizing PES with L-BFGS (numerically estimating gradients)
Computing PES on grid for c1.
Optimizing PES with L-BFGS (numerically estimating gradients)

Suggestion: task(s) c0 at location
Current time: 2023-05-15 21:27:25
Status: 1 pending, 58 complete.
ID(s) of pending job(s) for c0: 59


Fitting GP to 4 data for c1 task...
Fitting GP to 35 data for c0 task...
Fitting GP to 20 data for f task...
Computing current best...
Feasible solution found.

Optimizing current best with scipy SLSQP

Minimum expected objective value satisfying constraints w/ high prob (c1:0.99992,c0:1.00000): 0.925527

At location:    

Getting suggestion for c1, c0, f...

Initializing PES
Computing PES on grid for f.
Optimizing PES with L-BFGS (numerically estimating gradients)
Computing PES on grid for c0.
Optimizing PES with L-BFGS (numerically estimating gradients)
Computing PES on grid for c1.
Optimizing PES with L-BFGS (numerically estimating gradients)

Suggestion: task(s) c0 at location
Current time: 2023-05-15 21:27:32
Status: 1 pending, 59 complete.
ID(s) of pending job(s) for c0: 60


Fitting GP to 4 data for c1 task...
Fitting GP to 36 data for c0 task...
Fitting GP to 20 data for f task...
Computing current best...
Feasible solution found.

Optimizing current best with scipy SLSQP

Minimum expected objective value satisfying constraints w/ high prob (c1:1.00000,c0:0.99991): 0.698977

At location:    

Getting suggestion for c1, c0, f...

Initializing PES
Computing PES on grid for f.
Optimizing PES with L-BFGS (numerically estimating gradients)
Computing PES on grid for c0.
Optimizing PES with L-BFGS (numerically estimating gradients)
Computing PES on grid for c1.
Optimizing PES with L-BFGS (numerically estimating gradients)

Suggestion: task(s) c0 at location
Current time: 2023-05-15 21:27:38
Status: 1 pending, 60 complete.
ID(s) of pending job(s) for c0: 61


Fitting GP to 4 data for c1 task...
Fitting GP to 37 data for c0 task...
Fitting GP to 20 data for f task...
Computing current best...
Feasible solution found.

Optimizing current best with scipy SLSQP

Minimum expected objective value satisfying constraints w/ high prob (c1:0.99995,c0:1.00000): 0.912882

At location:    

Getting suggestion for c1, c0, f...

Initializing PES
Computing PES on grid for f.
Optimizing PES with L-BFGS (numerically estimating gradients)
Computing PES on grid for c0.
Optimizing PES with L-BFGS (numerically estimating gradients)
Computing PES on grid for c1.
Optimizing PES with L-BFGS (numerically estimating gradients)

Suggestion: task(s) c0 at location
Current time: 2023-05-15 21:27:45
Status: 1 pending, 61 complete.
ID(s) of pending job(s) for c0: 62


Fitting GP to 4 data for c1 task...
Fitting GP to 38 data for c0 task...
Fitting GP to 20 data for f task...
Computing current best...
Feasible solution found.

Optimizing current best with scipy SLSQP

Minimum expected objective value satisfying constraints w/ high prob (c1:0.99994,c0:0.99998): 0.745165

At location:    

Getting suggestion for c1, c0, f...

Initializing PES
Computing PES on grid for f.
Optimizing PES with L-BFGS (numerically estimating gradients)
Computing PES on grid for c0.
Optimizing PES with L-BFGS (numerically estimating gradients)
Computing PES on grid for c1.
Optimizing PES with L-BFGS (numerically estimating gradients)

Suggestion: task(s) c0 at location
Current time: 2023-05-15 21:27:51
Status: 1 pending, 62 complete.
ID(s) of pending job(s) for c0: 63


Fitting GP to 4 data for c1 task...
Fitting GP to 39 data for c0 task...
Fitting GP to 20 data for f task...
Computing current best...
Feasible solution found.

Optimizing current best with scipy SLSQP

Minimum expected objective value satisfying constraints w/ high prob (c1:0.99990,c0:1.00000): 0.911307

At location:    

Getting suggestion for c1, c0, f...

Initializing PES
Computing PES on grid for f.
Optimizing PES with L-BFGS (numerically estimating gradients)
Computing PES on grid for c0.
Optimizing PES with L-BFGS (numerically estimating gradients)
Computing PES on grid for c1.
Optimizing PES with L-BFGS (numerically estimating gradients)

Suggestion: task(s) c0 at location
Current time: 2023-05-15 21:27:57
Status: 1 pending, 63 complete.
ID(s) of pending job(s) for c0: 64


Fitting GP to 4 data for c1 task...
Fitting GP to 40 data for c0 task...
Fitting GP to 20 data for f task...
Computing current best...
Feasible solution found.

Optimizing current best with scipy SLSQP

Minimum expected objective value satisfying constraints w/ high prob (c1:1.00000,c0:0.99990): 0.630755

At location:    

Getting suggestion for c1, c0, f...

Initializing PES
Computing PES on grid for f.
Optimizing PES with L-BFGS (numerically estimating gradients)
Computing PES on grid for c0.
Optimizing PES with L-BFGS (numerically estimating gradients)
Computing PES on grid for c1.
Optimizing PES with L-BFGS (numerically estimating gradients)

Suggestion: task(s) c0 at location
Current time: 2023-05-15 21:28:04
Status: 1 pending, 64 complete.
ID(s) of pending job(s) for c0: 65


Fitting GP to 4 data for c1 task...
Fitting GP to 41 data for c0 task...
Fitting GP to 20 data for f task...
Computing current best...
Feasible solution found.

Optimizing current best with scipy SLSQP

Minimum expected objective value satisfying constraints w/ high prob (c1:1.00000,c0:0.99991): 0.764594

At location:    

Getting suggestion for c1, c0, f...

Initializing PES
Computing PES on grid for f.
Optimizing PES with L-BFGS (numerically estimating gradients)
Computing PES on grid for c0.
Optimizing PES with L-BFGS (numerically estimating gradients)
Computing PES on grid for c1.
Optimizing PES with L-BFGS (numerically estimating gradients)

Suggestion: task(s) c0 at location
Current time: 2023-05-15 21:28:10
Status: 1 pending, 65 complete.
ID(s) of pending job(s) for c0: 66


Fitting GP to 4 data for c1 task...
Fitting GP to 42 data for c0 task...
Fitting GP to 20 data for f task...
Computing current best...
Feasible solution found.

Optimizing current best with scipy SLSQP

Minimum expected objective value satisfying constraints w/ high prob (c1:0.99998,c0:0.99993): 0.707599

At location:    

Getting suggestion for c1, c0, f...

Initializing PES
Computing PES on grid for f.
Optimizing PES with L-BFGS (numerically estimating gradients)
Computing PES on grid for c0.
Optimizing PES with L-BFGS (numerically estimating gradients)
Computing PES on grid for c1.
Optimizing PES with L-BFGS (numerically estimating gradients)

Suggestion: task(s) c0 at location
Current time: 2023-05-15 21:28:18
Status: 1 pending, 66 complete.
ID(s) of pending job(s) for c0: 67


Fitting GP to 4 data for c1 task...
Fitting GP to 43 data for c0 task...
Fitting GP to 20 data for f task...
Computing current best...
Feasible solution found.

Optimizing current best with scipy SLSQP

Minimum expected objective value satisfying constraints w/ high prob (c1:1.00000,c0:0.99991): 0.704541

At location:    

Getting suggestion for c1, c0, f...

Initializing PES
Computing PES on grid for f.
Optimizing PES with L-BFGS (numerically estimating gradients)
Computing PES on grid for c0.
Optimizing PES with L-BFGS (numerically estimating gradients)
Computing PES on grid for c1.
Optimizing PES with L-BFGS (numerically estimating gradients)

Suggestion: task(s) c0 at location
Current time: 2023-05-15 21:28:24
Status: 1 pending, 67 complete.
ID(s) of pending job(s) for c0: 68


Fitting GP to 4 data for c1 task...
Fitting GP to 44 data for c0 task...
Fitting GP to 20 data for f task...
Computing current best...
Feasible solution found.

Optimizing current best with scipy SLSQP

Minimum expected objective value satisfying constraints w/ high prob (c1:1.00000,c0:0.99992): 0.710265

At location:    

Getting suggestion for c1, c0, f...

Initializing PES
Computing PES on grid for f.
Optimizing PES with L-BFGS (numerically estimating gradients)
Computing PES on grid for c0.
Optimizing PES with L-BFGS (numerically estimating gradients)
Computing PES on grid for c1.
Optimizing PES with L-BFGS (numerically estimating gradients)

Suggestion: task(s) c0 at location
Current time: 2023-05-15 21:28:30
Status: 1 pending, 68 complete.
ID(s) of pending job(s) for c0: 69


Fitting GP to 4 data for c1 task...
Fitting GP to 45 data for c0 task...
Fitting GP to 20 data for f task...
Computing current best...
Feasible solution found.

Optimizing current best with scipy SLSQP

Minimum expected objective value satisfying constraints w/ high prob (c1:0.99998,c0:0.99993): 0.725892

At location:    

Getting suggestion for c1, c0, f...

Initializing PES
Computing PES on grid for f.
Optimizing PES with L-BFGS (numerically estimating gradients)
Computing PES on grid for c0.
Optimizing PES with L-BFGS (numerically estimating gradients)
Computing PES on grid for c1.
Optimizing PES with L-BFGS (numerically estimating gradients)

Suggestion: task(s) c0 at location
Current time: 2023-05-15 21:28:37
Status: 1 pending, 69 complete.
ID(s) of pending job(s) for c0: 70


Fitting GP to 4 data for c1 task...
Fitting GP to 46 data for c0 task...
Fitting GP to 20 data for f task...
Computing current best...
Feasible solution found.

Optimizing current best with scipy SLSQP

Minimum expected objective value satisfying constraints w/ high prob (c1:1.00000,c0:0.99990): 0.751704

At location:    

Getting suggestion for c1, c0, f...

Initializing PES
Computing PES on grid for f.
Optimizing PES with L-BFGS (numerically estimating gradients)
Computing PES on grid for c0.
Optimizing PES with L-BFGS (numerically estimating gradients)
Computing PES on grid for c1.
Optimizing PES with L-BFGS (numerically estimating gradients)

Suggestion: task(s) c0 at location
Current time: 2023-05-15 21:28:43
Status: 1 pending, 70 complete.
ID(s) of pending job(s) for c0: 71


Fitting GP to 4 data for c1 task...
Fitting GP to 47 data for c0 task...
Fitting GP to 20 data for f task...
Computing current best...
Feasible solution found.

Optimizing current best with scipy SLSQP

Minimum expected objective value satisfying constraints w/ high prob (c1:0.99996,c0:0.99995): 0.714050

At location:    

Getting suggestion for c1, c0, f...

Initializing PES
Computing PES on grid for f.
Optimizing PES with L-BFGS (numerically estimating gradients)
Computing PES on grid for c0.
Optimizing PES with L-BFGS (numerically estimating gradients)
Computing PES on grid for c1.
Optimizing PES with L-BFGS (numerically estimating gradients)

Suggestion: task(s) c0 at location
Current time: 2023-05-15 21:28:49
Status: 1 pending, 71 complete.
ID(s) of pending job(s) for c0: 72


Fitting GP to 4 data for c1 task...
Fitting GP to 48 data for c0 task...
Fitting GP to 20 data for f task...
Computing current best...
Feasible solution found.

Optimizing current best with scipy SLSQP

Minimum expected objective value satisfying constraints w/ high prob (c1:0.99995,c0:0.99997): 0.952150

At location:    

Getting suggestion for c1, c0, f...

Initializing PES
Computing PES on grid for f.
Optimizing PES with L-BFGS (numerically estimating gradients)
Computing PES on grid for c0.
Optimizing PES with L-BFGS (numerically estimating gradients)
Computing PES on grid for c1.
Optimizing PES with L-BFGS (numerically estimating gradients)

Suggestion: task(s) c0 at location
Current time: 2023-05-15 21:28:56
Status: 1 pending, 72 complete.
ID(s) of pending job(s) for c0: 73


Fitting GP to 4 data for c1 task...
Fitting GP to 49 data for c0 task...
Fitting GP to 20 data for f task...
Computing current best...
Feasible solution found.

Optimizing current best with scipy SLSQP

Minimum expected objective value satisfying constraints w/ high prob (c1:0.99994,c0:0.99997): 0.688297

At location:    

Getting suggestion for c1, c0, f...

Initializing PES
Computing PES on grid for f.
Optimizing PES with L-BFGS (numerically estimating gradients)
Computing PES on grid for c0.
Optimizing PES with L-BFGS (numerically estimating gradients)
Computing PES on grid for c1.
Optimizing PES with L-BFGS (numerically estimating gradients)

Suggestion: task(s) c0 at location
Current time: 2023-05-15 21:29:02
Status: 1 pending, 73 complete.
ID(s) of pending job(s) for c0: 74


Fitting GP to 4 data for c1 task...
Fitting GP to 50 data for c0 task...
Fitting GP to 20 data for f task...
Computing current best...
Feasible solution found.

Optimizing current best with scipy SLSQP

Minimum expected objective value satisfying constraints w/ high prob (c1:1.00000,c0:0.99993): 0.674515

At location:    

Getting suggestion for c1, c0, f...

Initializing PES
Computing PES on grid for f.
Optimizing PES with L-BFGS (numerically estimating gradients)
Computing PES on grid for c0.
Optimizing PES with L-BFGS (numerically estimating gradients)
Computing PES on grid for c1.
Optimizing PES with L-BFGS (numerically estimating gradients)

Suggestion: task(s) c0 at location
Current time: 2023-05-15 21:29:09
Status: 1 pending, 74 complete.
ID(s) of pending job(s) for c0: 75


Fitting GP to 4 data for c1 task...
Fitting GP to 51 data for c0 task...
Fitting GP to 20 data for f task...
Computing current best...
Feasible solution found.

Optimizing current best with scipy SLSQP

Minimum expected objective value satisfying constraints w/ high prob (c1:1.00000,c0:0.99991): 0.705645

At location:    

Getting suggestion for c1, c0, f...

Initializing PES
Computing PES on grid for f.
Optimizing PES with L-BFGS (numerically estimating gradients)
Computing PES on grid for c0.
Optimizing PES with L-BFGS (numerically estimating gradients)
Computing PES on grid for c1.
Optimizing PES with L-BFGS (numerically estimating gradients)

Suggestion: task(s) c0 at location
Current time: 2023-05-15 21:29:15
Status: 1 pending, 75 complete.
ID(s) of pending job(s) for c0: 76


Fitting GP to 4 data for c1 task...
Fitting GP to 52 data for c0 task...
Fitting GP to 20 data for f task...
Computing current best...
Feasible solution found.

Optimizing current best with scipy SLSQP

Minimum expected objective value satisfying constraints w/ high prob (c1:0.99997,c0:0.99993): 0.660779

At location:    

Getting suggestion for c1, c0, f...

Initializing PES
Computing PES on grid for f.
Optimizing PES with L-BFGS (numerically estimating gradients)
Computing PES on grid for c0.
Optimizing PES with L-BFGS (numerically estimating gradients)
Computing PES on grid for c1.
Optimizing PES with L-BFGS (numerically estimating gradients)

Suggestion: task(s) c0 at location
Current time: 2023-05-15 21:29:22
Status: 1 pending, 76 complete.
ID(s) of pending job(s) for c0: 77


Fitting GP to 4 data for c1 task...
Fitting GP to 53 data for c0 task...
Fitting GP to 20 data for f task...
Computing current best...
Feasible solution found.

Optimizing current best with scipy SLSQP

Minimum expected objective value satisfying constraints w/ high prob (c1:1.00000,c0:0.99990): 0.751548

At location:    

Getting suggestion for c1, c0, f...

Initializing PES
Computing PES on grid for f.
Optimizing PES with L-BFGS (numerically estimating gradients)
Computing PES on grid for c0.
Optimizing PES with L-BFGS (numerically estimating gradients)
Computing PES on grid for c1.
Optimizing PES with L-BFGS (numerically estimating gradients)

Suggestion: task(s) c0 at location
Current time: 2023-05-15 21:29:28
Status: 1 pending, 77 complete.
ID(s) of pending job(s) for c0: 78


Fitting GP to 4 data for c1 task...
Fitting GP to 54 data for c0 task...
Fitting GP to 20 data for f task...
Computing current best...
Feasible solution found.

Optimizing current best with scipy SLSQP

Minimum expected objective value satisfying constraints w/ high prob (c1:1.00000,c0:0.99991): 0.719762

At location:    

Getting suggestion for c1, c0, f...

Initializing PES
Computing PES on grid for f.
Optimizing PES with L-BFGS (numerically estimating gradients)
Computing PES on grid for c0.
Optimizing PES with L-BFGS (numerically estimating gradients)
Computing PES on grid for c1.
Optimizing PES with L-BFGS (numerically estimating gradients)

Suggestion: task(s) c0 at location
Current time: 2023-05-15 21:29:35
Status: 1 pending, 78 complete.
ID(s) of pending job(s) for c0: 79


Fitting GP to 4 data for c1 task...
Fitting GP to 55 data for c0 task...
Fitting GP to 20 data for f task...
Computing current best...
Feasible solution found.

Optimizing current best with scipy SLSQP

Minimum expected objective value satisfying constraints w/ high prob (c1:1.00000,c0:0.99991): 0.696019

At location:    

Getting suggestion for c1, c0, f...

Initializing PES
Computing PES on grid for f.
Optimizing PES with L-BFGS (numerically estimating gradients)
Computing PES on grid for c0.
Optimizing PES with L-BFGS (numerically estimating gradients)
Computing PES on grid for c1.
Optimizing PES with L-BFGS (numerically estimating gradients)

Suggestion: task(s) c0 at location
Current time: 2023-05-15 21:29:42
Status: 1 pending, 79 complete.
ID(s) of pending job(s) for c0: 80


Fitting GP to 4 data for c1 task...
Fitting GP to 56 data for c0 task...
Fitting GP to 20 data for f task...
Computing current best...
Feasible solution found.

Optimizing current best with scipy SLSQP

Minimum expected objective value satisfying constraints w/ high prob (c1:1.00000,c0:0.99991): 0.642347

At location:    

Getting suggestion for c1, c0, f...

Initializing PES
Computing PES on grid for f.
Optimizing PES with L-BFGS (numerically estimating gradients)
Computing PES on grid for c0.
Optimizing PES with L-BFGS (numerically estimating gradients)
Computing PES on grid for c1.
Optimizing PES with L-BFGS (numerically estimating gradients)

Suggestion: task(s) c0 at location
Current time: 2023-05-15 21:29:49
Status: 1 pending, 80 complete.
ID(s) of pending job(s) for c0: 81


Fitting GP to 4 data for c1 task...
Fitting GP to 57 data for c0 task...
Fitting GP to 20 data for f task...
Computing current best...
Feasible solution found.

Optimizing current best with scipy SLSQP

Minimum expected objective value satisfying constraints w/ high prob (c1:0.99995,c0:1.00000): 0.931493

At location:    

Getting suggestion for c1, c0, f...

Initializing PES
Computing PES on grid for f.
Optimizing PES with L-BFGS (numerically estimating gradients)
Computing PES on grid for c0.
Optimizing PES with L-BFGS (numerically estimating gradients)
Computing PES on grid for c1.
Optimizing PES with L-BFGS (numerically estimating gradients)

Suggestion: task(s) c0 at location
Current time: 2023-05-15 21:29:56
Status: 1 pending, 81 complete.
ID(s) of pending job(s) for c0: 82


Fitting GP to 4 data for c1 task...
Fitting GP to 58 data for c0 task...
Fitting GP to 20 data for f task...
Computing current best...
Feasible solution found.

Optimizing current best with scipy SLSQP

Minimum expected objective value satisfying constraints w/ high prob (c1:1.00000,c0:0.99991): 0.627836

At location:    

Getting suggestion for c1, c0, f...

Initializing PES
Computing PES on grid for f.
Optimizing PES with L-BFGS (numerically estimating gradients)
Computing PES on grid for c0.
Optimizing PES with L-BFGS (numerically estimating gradients)
Computing PES on grid for c1.
Optimizing PES with L-BFGS (numerically estimating gradients)

Suggestion: task(s) c0 at location
Current time: 2023-05-15 21:30:02
Status: 1 pending, 82 complete.
ID(s) of pending job(s) for c0: 83


Fitting GP to 4 data for c1 task...
Fitting GP to 59 data for c0 task...
Fitting GP to 20 data for f task...
Computing current best...
Feasible solution found.

Optimizing current best with scipy SLSQP

Minimum expected objective value satisfying constraints w/ high prob (c1:1.00000,c0:0.99991): 0.669834

At location:    

Getting suggestion for c1, c0, f...

Initializing PES
Computing PES on grid for f.
Optimizing PES with L-BFGS (numerically estimating gradients)
Computing PES on grid for c0.
Optimizing PES with L-BFGS (numerically estimating gradients)
Computing PES on grid for c1.
Optimizing PES with L-BFGS (numerically estimating gradients)

Suggestion: task(s) c0 at location
Current time: 2023-05-15 21:30:08
Status: 1 pending, 83 complete.
ID(s) of pending job(s) for c0: 84


Fitting GP to 4 data for c1 task...
Fitting GP to 60 data for c0 task...
Fitting GP to 20 data for f task...
Computing current best...
Feasible solution found.

Optimizing current best with scipy SLSQP

Minimum expected objective value satisfying constraints w/ high prob (c1:0.99991,c0:1.00000): 0.848390

At location:    

Getting suggestion for c1, c0, f...

Initializing PES
Computing PES on grid for f.
Optimizing PES with L-BFGS (numerically estimating gradients)
Computing PES on grid for c0.
Optimizing PES with L-BFGS (numerically estimating gradients)
Computing PES on grid for c1.
Optimizing PES with L-BFGS (numerically estimating gradients)

Suggestion: task(s) c0 at location
Current time: 2023-05-15 21:30:15
Status: 1 pending, 84 complete.
ID(s) of pending job(s) for c0: 85


Fitting GP to 4 data for c1 task...
Fitting GP to 61 data for c0 task...
Fitting GP to 20 data for f task...
Computing current best...
Feasible solution found.

Optimizing current best with scipy SLSQP

Minimum expected objective value satisfying constraints w/ high prob (c1:0.99992,c0:1.00000): 0.947711

At location:    

Getting suggestion for c1, c0, f...

Initializing PES
Computing PES on grid for f.
Optimizing PES with L-BFGS (numerically estimating gradients)
Computing PES on grid for c0.
Optimizing PES with L-BFGS (numerically estimating gradients)
Computing PES on grid for c1.
Optimizing PES with L-BFGS (numerically estimating gradients)

Suggestion: task(s) c0 at location
Current time: 2023-05-15 21:30:22
Status: 1 pending, 85 complete.
ID(s) of pending job(s) for c0: 86


Fitting GP to 4 data for c1 task...
Fitting GP to 62 data for c0 task...
Fitting GP to 20 data for f task...
Computing current best...
Feasible solution found.

Optimizing current best with scipy SLSQP

Minimum expected objective value satisfying constraints w/ high prob (c1:1.00000,c0:0.99992): 0.666843

At location:    

Getting suggestion for c1, c0, f...

Initializing PES
Computing PES on grid for f.
Optimizing PES with L-BFGS (numerically estimating gradients)
Computing PES on grid for c0.
Optimizing PES with L-BFGS (numerically estimating gradients)
Computing PES on grid for c1.
Optimizing PES with L-BFGS (numerically estimating gradients)

Suggestion: task(s) c0 at location
Current time: 2023-05-15 21:30:28
Status: 1 pending, 86 complete.
ID(s) of pending job(s) for c0: 87


Fitting GP to 4 data for c1 task...
Fitting GP to 63 data for c0 task...
Fitting GP to 20 data for f task...
Computing current best...
Feasible solution found.

Optimizing current best with scipy SLSQP

Minimum expected objective value satisfying constraints w/ high prob (c1:0.99998,c0:0.99995): 0.742413

At location:    

Getting suggestion for c1, c0, f...

Initializing PES
Computing PES on grid for f.
Optimizing PES with L-BFGS (numerically estimating gradients)
Computing PES on grid for c0.
Optimizing PES with L-BFGS (numerically estimating gradients)
Computing PES on grid for c1.
Optimizing PES with L-BFGS (numerically estimating gradients)

Suggestion: task(s) c0 at location
Current time: 2023-05-15 21:30:35
Status: 1 pending, 87 complete.
ID(s) of pending job(s) for c0: 88


Fitting GP to 4 data for c1 task...
Fitting GP to 64 data for c0 task...
Fitting GP to 20 data for f task...
Computing current best...
Feasible solution found.

Optimizing current best with scipy SLSQP

Minimum expected objective value satisfying constraints w/ high prob (c1:0.99990,c0:1.00000): 0.823265

At location:    

Getting suggestion for c1, c0, f...

Initializing PES
Computing PES on grid for f.
Optimizing PES with L-BFGS (numerically estimating gradients)
Computing PES on grid for c0.
Optimizing PES with L-BFGS (numerically estimating gradients)
Computing PES on grid for c1.
Optimizing PES with L-BFGS (numerically estimating gradients)

Suggestion: task(s) c0 at location
Current time: 2023-05-15 21:30:41
Status: 1 pending, 88 complete.
ID(s) of pending job(s) for c0: 89


Fitting GP to 4 data for c1 task...
Fitting GP to 65 data for c0 task...
Fitting GP to 20 data for f task...
Computing current best...
Feasible solution found.

Optimizing current best with scipy SLSQP

Minimum expected objective value satisfying constraints w/ high prob (c1:1.00000,c0:0.99991): 0.689183

At location:    

Getting suggestion for c1, c0, f...

Initializing PES
Computing PES on grid for f.
Optimizing PES with L-BFGS (numerically estimating gradients)
Computing PES on grid for c0.
Optimizing PES with L-BFGS (numerically estimating gradients)
Computing PES on grid for c1.
Optimizing PES with L-BFGS (numerically estimating gradients)

Suggestion: task(s) c0 at location
Current time: 2023-05-15 21:30:49
Status: 1 pending, 89 complete.
ID(s) of pending job(s) for c0: 90


Fitting GP to 4 data for c1 task...
Fitting GP to 66 data for c0 task...
Fitting GP to 20 data for f task...
Computing current best...
Feasible solution found.

Optimizing current best with scipy SLSQP

Minimum expected objective value satisfying constraints w/ high prob (c1:1.00000,c0:0.99990): 0.735510

At location:    

Getting suggestion for c1, c0, f...

Initializing PES
Computing PES on grid for f.
Optimizing PES with L-BFGS (numerically estimating gradients)
Computing PES on grid for c0.
Optimizing PES with L-BFGS (numerically estimating gradients)
Computing PES on grid for c1.
Optimizing PES with L-BFGS (numerically estimating gradients)

Suggestion: task(s) c0 at location
Current time: 2023-05-15 21:30:56
Status: 1 pending, 90 complete.
ID(s) of pending job(s) for c0: 91


Fitting GP to 4 data for c1 task...
Fitting GP to 67 data for c0 task...
Fitting GP to 20 data for f task...
Computing current best...
Feasible solution found.

Optimizing current best with scipy SLSQP

Minimum expected objective value satisfying constraints w/ high prob (c1:1.00000,c0:0.99992): 0.631065

At location:    

Getting suggestion for c1, c0, f...

Initializing PES
Computing PES on grid for f.
Optimizing PES with L-BFGS (numerically estimating gradients)
Computing PES on grid for c0.
Optimizing PES with L-BFGS (numerically estimating gradients)
Computing PES on grid for c1.
Optimizing PES with L-BFGS (numerically estimating gradients)

Suggestion: task(s) c0 at location
Current time: 2023-05-15 21:31:03
Status: 1 pending, 91 complete.
ID(s) of pending job(s) for c0: 92


Fitting GP to 4 data for c1 task...
Fitting GP to 68 data for c0 task...
Fitting GP to 20 data for f task...
Computing current best...

No feasible solution found (yet).

Maximum total probability of satisfying constraints = 0.99980
  Probability of satisfying                 c1 constraint: 0.99999
  Probability of satisfying                 c0 constraint: 0.99981

At location:    

Getting suggestion for c1, c0, f...

Initializing PES
Computing PES on grid for f.
Optimizing PES with L-BFGS (numerically estimating gradients)
Computing PES on grid for c0.
Optimizing PES with L-BFGS (numerically estimating gradients)
Computing PES on grid for c1.
Optimizing PES with L-BFGS (numerically estimating gradients)

Suggestion: task(s) c0 at location
Current time: 2023-05-15 21:31:10
Status: 1 pending, 92 complete.
ID(s) of pending job(s) for c0: 93


Fitting GP to 4 data for c1 task...
Fitting GP to 69 data for c0 task...
Fitting GP to 20 data for f task...
Computing current best...
Feasible solution found.

Optimizing current best with scipy SLSQP

Minimum expected objective value satisfying constraints w/ high prob (c1:1.00000,c0:0.99991): 0.659005

At location:    

Getting suggestion for c1, c0, f...

Initializing PES
Computing PES on grid for f.
Optimizing PES with L-BFGS (numerically estimating gradients)
Computing PES on grid for c0.
Optimizing PES with L-BFGS (numerically estimating gradients)
Computing PES on grid for c1.
Optimizing PES with L-BFGS (numerically estimating gradients)

Suggestion: task(s) c0 at location
Current time: 2023-05-15 21:31:17
Status: 1 pending, 93 complete.
ID(s) of pending job(s) for c0: 94


Fitting GP to 4 data for c1 task...
Fitting GP to 70 data for c0 task...
Fitting GP to 20 data for f task...
Computing current best...
Feasible solution found.

Optimizing current best with scipy SLSQP

Minimum expected objective value satisfying constraints w/ high prob (c1:0.99997,c0:0.99993): 0.767148

At location:    

Getting suggestion for c1, c0, f...

Initializing PES
Computing PES on grid for f.
Optimizing PES with L-BFGS (numerically estimating gradients)
Computing PES on grid for c0.
Optimizing PES with L-BFGS (numerically estimating gradients)
Computing PES on grid for c1.
Optimizing PES with L-BFGS (numerically estimating gradients)

Suggestion: task(s) f at location
Current time: 2023-05-15 21:31:24
Status: 1 pending, 94 complete.
ID(s) of pending job(s) for f: 95


Fitting GP to 4 data for c1 task...
Fitting GP to 70 data for c0 task...
Fitting GP to 21 data for f task...
Computing current best...
Feasible solution found.

Optimizing current best with scipy SLSQP

Minimum expected objective value satisfying constraints w/ high prob (c1:0.99999,c0:0.99991): 0.671210

At location:    

Getting suggestion for c1, c0, f...

Initializing PES
Computing PES on grid for f.
Optimizing PES with L-BFGS (numerically estimating gradients)
Computing PES on grid for c0.
Optimizing PES with L-BFGS (numerically estimating gradients)
Computing PES on grid for c1.
Optimizing PES with L-BFGS (numerically estimating gradients)

Suggestion: task(s) c0 at location
Current time: 2023-05-15 21:31:31
Status: 1 pending, 95 complete.
ID(s) of pending job(s) for c0: 96


Fitting GP to 4 data for c1 task...
Fitting GP to 71 data for c0 task...
Fitting GP to 21 data for f task...
Computing current best...
Feasible solution found.

Optimizing current best with scipy SLSQP

Minimum expected objective value satisfying constraints w/ high prob (c1:0.99997,c0:0.99993): 0.897143

At location:    

Getting suggestion for c1, c0, f...

Initializing PES
Computing PES on grid for f.
Optimizing PES with L-BFGS (numerically estimating gradients)
Computing PES on grid for c0.
Optimizing PES with L-BFGS (numerically estimating gradients)
Computing PES on grid for c1.
Optimizing PES with L-BFGS (numerically estimating gradients)

Suggestion: task(s) c0 at location
Current time: 2023-05-15 21:31:38
Status: 1 pending, 96 complete.
ID(s) of pending job(s) for c0: 97


Fitting GP to 4 data for c1 task...
Fitting GP to 72 data for c0 task...
Fitting GP to 21 data for f task...
Computing current best...
Feasible solution found.

Optimizing current best with scipy SLSQP

Minimum expected objective value satisfying constraints w/ high prob (c1:1.00000,c0:0.99991): 0.664760

At location:    

Getting suggestion for c1, c0, f...

Initializing PES
Computing PES on grid for f.
Optimizing PES with L-BFGS (numerically estimating gradients)
Computing PES on grid for c0.
Optimizing PES with L-BFGS (numerically estimating gradients)
Computing PES on grid for c1.
Optimizing PES with L-BFGS (numerically estimating gradients)

Suggestion: task(s) c0 at location
Current time: 2023-05-15 21:31:44
Status: 1 pending, 97 complete.
ID(s) of pending job(s) for c0: 98


Fitting GP to 4 data for c1 task...
Fitting GP to 73 data for c0 task...
Fitting GP to 21 data for f task...
Computing current best...
Feasible solution found.

Optimizing current best with scipy SLSQP

Minimum expected objective value satisfying constraints w/ high prob (c1:0.99999,c0:1.00000): 0.944547

At location:    

Getting suggestion for c1, c0, f...

Initializing PES
Computing PES on grid for f.
Optimizing PES with L-BFGS (numerically estimating gradients)
Computing PES on grid for c0.
Optimizing PES with L-BFGS (numerically estimating gradients)
Computing PES on grid for c1.
Optimizing PES with L-BFGS (numerically estimating gradients)

Suggestion: task(s) c0 at location
Current time: 2023-05-15 21:31:51
Status: 1 pending, 98 complete.
ID(s) of pending job(s) for c0: 99


Fitting GP to 4 data for c1 task...
Fitting GP to 74 data for c0 task...
Fitting GP to 21 data for f task...
Computing current best...
Feasible solution found.

Optimizing current best with scipy SLSQP

Minimum expected objective value satisfying constraints w/ high prob (c1:0.99999,c0:1.00000): 0.925473

At location:    

Getting suggestion for c1, c0, f...

Initializing PES
Computing PES on grid for f.
Optimizing PES with L-BFGS (numerically estimating gradients)
Computing PES on grid for c0.
Optimizing PES with L-BFGS (numerically estimating gradients)
Computing PES on grid for c1.
Optimizing PES with L-BFGS (numerically estimating gradients)

Suggestion: task(s) c0 at location
Current time: 2023-05-15 21:31:58
Status: 1 pending, 99 complete.
ID(s) of pending job(s) for c0: 100


Fitting GP to 4 data for c1 task...
Fitting GP to 75 data for c0 task...
Fitting GP to 21 data for f task...
Computing current best...
Feasible solution found.

Optimizing current best with scipy SLSQP

Minimum expected objective value satisfying constraints w/ high prob (c1:0.99991,c0:1.00000): 0.846656

At location:    

Getting suggestion for c1, c0, f...

Initializing PES
Computing PES on grid for f.
Optimizing PES with L-BFGS (numerically estimating gradients)
Computing PES on grid for c0.
Optimizing PES with L-BFGS (numerically estimating gradients)
Computing PES on grid for c1.
Optimizing PES with L-BFGS (numerically estimating gradients)

Suggestion: task(s) c0 at location
Current time: 2023-05-15 21:32:05
Status: 1 pending, 100 complete.
ID(s) of pending job(s) for c0: 101


Fitting GP to 4 data for c1 task...
Fitting GP to 76 data for c0 task...
Fitting GP to 21 data for f task...
Computing current best...
Feasible solution found.

Optimizing current best with scipy SLSQP

Minimum expected objective value satisfying constraints w/ high prob (c1:1.00000,c0:0.99991): 0.574639

At location:    

Getting suggestion for c1, c0, f...

Initializing PES
Computing PES on grid for f.
Optimizing PES with L-BFGS (numerically estimating gradients)
Computing PES on grid for c0.
Optimizing PES with L-BFGS (numerically estimating gradients)
Computing PES on grid for c1.
Optimizing PES with L-BFGS (numerically estimating gradients)

Suggestion: task(s) c0 at location
Current time: 2023-05-15 21:32:12
Status: 1 pending, 101 complete.
ID(s) of pending job(s) for c0: 102


Fitting GP to 4 data for c1 task...
Fitting GP to 77 data for c0 task...
Fitting GP to 21 data for f task...
Computing current best...
Feasible solution found.

Optimizing current best with scipy SLSQP

Minimum expected objective value satisfying constraints w/ high prob (c1:0.99997,c0:0.99994): 0.632356

At location:    

Getting suggestion for c1, c0, f...

Initializing PES
Computing PES on grid for f.
Optimizing PES with L-BFGS (numerically estimating gradients)
Computing PES on grid for c0.
Optimizing PES with L-BFGS (numerically estimating gradients)
Computing PES on grid for c1.
Optimizing PES with L-BFGS (numerically estimating gradients)

Suggestion: task(s) c0 at location
Current time: 2023-05-15 21:32:19
Status: 1 pending, 102 complete.
ID(s) of pending job(s) for c0: 103


Fitting GP to 4 data for c1 task...
Fitting GP to 78 data for c0 task...
Fitting GP to 21 data for f task...
Computing current best...
Feasible solution found.

Optimizing current best with scipy SLSQP

Minimum expected objective value satisfying constraints w/ high prob (c1:0.99999,c0:0.99991): 0.683727

At location:    

Getting suggestion for c1, c0, f...

Initializing PES
Computing PES on grid for f.
Optimizing PES with L-BFGS (numerically estimating gradients)
Computing PES on grid for c0.
Optimizing PES with L-BFGS (numerically estimating gradients)
Computing PES on grid for c1.
Optimizing PES with L-BFGS (numerically estimating gradients)

Suggestion: task(s) c0 at location
Current time: 2023-05-15 21:32:26
Status: 1 pending, 103 complete.
ID(s) of pending job(s) for c0: 104


Fitting GP to 4 data for c1 task...
Fitting GP to 79 data for c0 task...
Fitting GP to 21 data for f task...
Computing current best...
Feasible solution found.

Optimizing current best with scipy SLSQP

Minimum expected objective value satisfying constraints w/ high prob (c1:0.99990,c0:1.00000): 0.847601

At location:    

Getting suggestion for c1, c0, f...

Initializing PES
Computing PES on grid for f.
Optimizing PES with L-BFGS (numerically estimating gradients)
Computing PES on grid for c0.
Optimizing PES with L-BFGS (numerically estimating gradients)
Computing PES on grid for c1.
Optimizing PES with L-BFGS (numerically estimating gradients)

Suggestion: task(s) c0 at location
Current time: 2023-05-15 21:32:33
Status: 1 pending, 104 complete.
ID(s) of pending job(s) for c0: 105


Fitting GP to 4 data for c1 task...
Fitting GP to 80 data for c0 task...
Fitting GP to 21 data for f task...
Computing current best...
Feasible solution found.

Optimizing current best with scipy SLSQP

Minimum expected objective value satisfying constraints w/ high prob (c1:1.00000,c0:0.99990): 0.630635

At location:    

Getting suggestion for c1, c0, f...

Initializing PES
Computing PES on grid for f.
Optimizing PES with L-BFGS (numerically estimating gradients)
Computing PES on grid for c0.
Optimizing PES with L-BFGS (numerically estimating gradients)
Computing PES on grid for c1.
Optimizing PES with L-BFGS (numerically estimating gradients)

Suggestion: task(s) c0 at location
Current time: 2023-05-15 21:32:40
Status: 1 pending, 105 complete.
ID(s) of pending job(s) for c0: 106


Fitting GP to 4 data for c1 task...
Fitting GP to 81 data for c0 task...
Fitting GP to 21 data for f task...
Computing current best...
Feasible solution found.

Optimizing current best with scipy SLSQP

Minimum expected objective value satisfying constraints w/ high prob (c1:1.00000,c0:0.99992): 0.719004

At location:    

Getting suggestion for c1, c0, f...

Initializing PES
Computing PES on grid for f.
Optimizing PES with L-BFGS (numerically estimating gradients)
Computing PES on grid for c0.
Optimizing PES with L-BFGS (numerically estimating gradients)
Computing PES on grid for c1.
Optimizing PES with L-BFGS (numerically estimating gradients)

Suggestion: task(s) c0 at location
Current time: 2023-05-15 21:32:47
Status: 1 pending, 106 complete.
ID(s) of pending job(s) for c0: 107


Fitting GP to 4 data for c1 task...
Fitting GP to 82 data for c0 task...
Fitting GP to 21 data for f task...
Computing current best...
Feasible solution found.

Optimizing current best with scipy SLSQP

Minimum expected objective value satisfying constraints w/ high prob (c1:1.00000,c0:0.99991): 0.625644

At location:    

Getting suggestion for c1, c0, f...

Initializing PES
Computing PES on grid for f.
Optimizing PES with L-BFGS (numerically estimating gradients)
Computing PES on grid for c0.
Optimizing PES with L-BFGS (numerically estimating gradients)
Computing PES on grid for c1.
Optimizing PES with L-BFGS (numerically estimating gradients)

Suggestion: task(s) c0 at location
Current time: 2023-05-15 21:32:54
Status: 1 pending, 107 complete.
ID(s) of pending job(s) for c0: 108


Fitting GP to 4 data for c1 task...
Fitting GP to 83 data for c0 task...
Fitting GP to 21 data for f task...
Computing current best...
Feasible solution found.

Optimizing current best with scipy SLSQP

Minimum expected objective value satisfying constraints w/ high prob (c1:1.00000,c0:0.99991): 0.631932

At location:    

Getting suggestion for c1, c0, f...

Initializing PES
Computing PES on grid for f.
Optimizing PES with L-BFGS (numerically estimating gradients)
Computing PES on grid for c0.
Optimizing PES with L-BFGS (numerically estimating gradients)
Computing PES on grid for c1.
Optimizing PES with L-BFGS (numerically estimating gradients)

Suggestion: task(s) c0 at location
Current time: 2023-05-15 21:33:01
Status: 1 pending, 108 complete.
ID(s) of pending job(s) for c0: 109


Fitting GP to 4 data for c1 task...
Fitting GP to 84 data for c0 task...
Fitting GP to 21 data for f task...
Computing current best...
Feasible solution found.

Optimizing current best with scipy SLSQP

Minimum expected objective value satisfying constraints w/ high prob (c1:0.99994,c0:0.99997): 0.932434

At location:    

Getting suggestion for c1, c0, f...

Initializing PES
Computing PES on grid for f.
Optimizing PES with L-BFGS (numerically estimating gradients)
Computing PES on grid for c0.
Optimizing PES with L-BFGS (numerically estimating gradients)
Computing PES on grid for c1.
Optimizing PES with L-BFGS (numerically estimating gradients)

Suggestion: task(s) c0 at location
Current time: 2023-05-15 21:33:08
Status: 1 pending, 109 complete.
ID(s) of pending job(s) for c0: 110


Fitting GP to 4 data for c1 task...
Fitting GP to 85 data for c0 task...
Fitting GP to 21 data for f task...
Computing current best...
Feasible solution found.

Optimizing current best with scipy SLSQP

Minimum expected objective value satisfying constraints w/ high prob (c1:1.00000,c0:0.99992): 0.686264

At location:    

Getting suggestion for c1, c0, f...

Initializing PES
Computing PES on grid for f.
Optimizing PES with L-BFGS (numerically estimating gradients)
Computing PES on grid for c0.
Optimizing PES with L-BFGS (numerically estimating gradients)
Computing PES on grid for c1.
Optimizing PES with L-BFGS (numerically estimating gradients)

Suggestion: task(s) c0 at location
Current time: 2023-05-15 21:33:15
Status: 1 pending, 110 complete.
ID(s) of pending job(s) for c0: 111


Fitting GP to 4 data for c1 task...
Fitting GP to 86 data for c0 task...
Fitting GP to 21 data for f task...
Computing current best...
Feasible solution found.

Optimizing current best with scipy SLSQP

Minimum expected objective value satisfying constraints w/ high prob (c1:0.99992,c0:1.00000): 0.925946

At location:    

Getting suggestion for c1, c0, f...

Initializing PES
Computing PES on grid for f.
Optimizing PES with L-BFGS (numerically estimating gradients)
Computing PES on grid for c0.
Optimizing PES with L-BFGS (numerically estimating gradients)
Computing PES on grid for c1.
Optimizing PES with L-BFGS (numerically estimating gradients)

Suggestion: task(s) c0 at location
Current time: 2023-05-15 21:33:22
Status: 1 pending, 111 complete.
ID(s) of pending job(s) for c0: 112


Fitting GP to 4 data for c1 task...
Fitting GP to 87 data for c0 task...
Fitting GP to 21 data for f task...
Computing current best...
Feasible solution found.

Optimizing current best with scipy SLSQP

Minimum expected objective value satisfying constraints w/ high prob (c1:1.00000,c0:0.99994): 0.944893

At location:    

Getting suggestion for c1, c0, f...

Initializing PES
Computing PES on grid for f.
Optimizing PES with L-BFGS (numerically estimating gradients)
Computing PES on grid for c0.
Optimizing PES with L-BFGS (numerically estimating gradients)
Computing PES on grid for c1.
Optimizing PES with L-BFGS (numerically estimating gradients)

Suggestion: task(s) c0 at location
Current time: 2023-05-15 21:33:30
Status: 1 pending, 112 complete.
ID(s) of pending job(s) for c0: 113


Fitting GP to 4 data for c1 task...
Fitting GP to 88 data for c0 task...
Fitting GP to 21 data for f task...
Computing current best...
Feasible solution found.

Optimizing current best with scipy SLSQP

Minimum expected objective value satisfying constraints w/ high prob (c1:1.00000,c0:0.99992): 0.604101

At location:    

Getting suggestion for c1, c0, f...

Initializing PES
Computing PES on grid for f.
Optimizing PES with L-BFGS (numerically estimating gradients)
Computing PES on grid for c0.
Optimizing PES with L-BFGS (numerically estimating gradients)
Computing PES on grid for c1.
Optimizing PES with L-BFGS (numerically estimating gradients)

Suggestion: task(s) c0 at location
Current time: 2023-05-15 21:33:37
Status: 1 pending, 113 complete.
ID(s) of pending job(s) for c0: 114


Fitting GP to 4 data for c1 task...
Fitting GP to 89 data for c0 task...
Fitting GP to 21 data for f task...
Computing current best...
Feasible solution found.

Optimizing current best with scipy SLSQP

Minimum expected objective value satisfying constraints w/ high prob (c1:0.99994,c0:0.99999): 0.918004

At location:    

Getting suggestion for c1, c0, f...

Initializing PES
Computing PES on grid for f.
Optimizing PES with L-BFGS (numerically estimating gradients)
Computing PES on grid for c0.
Optimizing PES with L-BFGS (numerically estimating gradients)
Computing PES on grid for c1.
Optimizing PES with L-BFGS (numerically estimating gradients)

Suggestion: task(s) c0 at location
Current time: 2023-05-15 21:33:44
Status: 1 pending, 114 complete.
ID(s) of pending job(s) for c0: 115


Fitting GP to 4 data for c1 task...
Fitting GP to 90 data for c0 task...
Fitting GP to 21 data for f task...
Computing current best...
Feasible solution found.

Optimizing current best with scipy SLSQP

Minimum expected objective value satisfying constraints w/ high prob (c1:1.00000,c0:0.99992): 0.651147

At location:    

Getting suggestion for c1, c0, f...

Initializing PES
Computing PES on grid for f.
Optimizing PES with L-BFGS (numerically estimating gradients)
Computing PES on grid for c0.
Optimizing PES with L-BFGS (numerically estimating gradients)
Computing PES on grid for c1.
Optimizing PES with L-BFGS (numerically estimating gradients)

Suggestion: task(s) c0 at location
Current time: 2023-05-15 21:33:51
Status: 1 pending, 115 complete.
ID(s) of pending job(s) for c0: 116


Fitting GP to 4 data for c1 task...
Fitting GP to 91 data for c0 task...
Fitting GP to 21 data for f task...
Computing current best...
Feasible solution found.

Optimizing current best with scipy SLSQP

Minimum expected objective value satisfying constraints w/ high prob (c1:0.99990,c0:1.00000): 0.839203

At location:    

Getting suggestion for c1, c0, f...

Initializing PES
Computing PES on grid for f.
Optimizing PES with L-BFGS (numerically estimating gradients)
Computing PES on grid for c0.
Optimizing PES with L-BFGS (numerically estimating gradients)
Computing PES on grid for c1.
Optimizing PES with L-BFGS (numerically estimating gradients)

Suggestion: task(s) c0 at location
Current time: 2023-05-15 21:33:58
Status: 1 pending, 116 complete.
ID(s) of pending job(s) for c0: 117


Fitting GP to 4 data for c1 task...
Fitting GP to 92 data for c0 task...
Fitting GP to 21 data for f task...
Computing current best...
Feasible solution found.

Optimizing current best with scipy SLSQP

Minimum expected objective value satisfying constraints w/ high prob (c1:0.99990,c0:1.00000): 0.865382

At location:    

Getting suggestion for c1, c0, f...

Initializing PES
Computing PES on grid for f.
Optimizing PES with L-BFGS (numerically estimating gradients)
Computing PES on grid for c0.
Optimizing PES with L-BFGS (numerically estimating gradients)
Computing PES on grid for c1.
Optimizing PES with L-BFGS (numerically estimating gradients)

Suggestion: task(s) c0 at location
Current time: 2023-05-15 21:34:05
Status: 1 pending, 117 complete.
ID(s) of pending job(s) for c0: 118


Fitting GP to 4 data for c1 task...
Fitting GP to 93 data for c0 task...
Fitting GP to 21 data for f task...
Computing current best...

No feasible solution found (yet).

Maximum total probability of satisfying constraints = 0.99989
  Probability of satisfying                 c1 constraint: 0.99997
  Probability of satisfying                 c0 constraint: 0.99992

At location:    

Getting suggestion for c1, c0, f...

Initializing PES
Computing PES on grid for f.
Optimizing PES with L-BFGS (numerically estimating gradients)
Computing PES on grid for c0.
Optimizing PES with L-BFGS (numerically estimating gradients)
Computing PES on grid for c1.
Optimizing PES with L-BFGS (numerically estimating gradients)

Suggestion: task(s) c0 at location
Current time: 2023-05-15 21:34:14
Status: 1 pending, 118 complete.
ID(s) of pending job(s) for c0: 119


Fitting GP to 4 data for c1 task...
Fitting GP to 94 data for c0 task...
Fitting GP to 21 data for f task...
Computing current best...
Feasible solution found.

Optimizing current best with scipy SLSQP

Minimum expected objective value satisfying constraints w/ high prob (c1:0.99990,c0:1.00000): 0.876500

At location:    

Getting suggestion for c1, c0, f...

Initializing PES
Computing PES on grid for f.
Optimizing PES with L-BFGS (numerically estimating gradients)
Computing PES on grid for c0.
Optimizing PES with L-BFGS (numerically estimating gradients)
Computing PES on grid for c1.
Optimizing PES with L-BFGS (numerically estimating gradients)

Suggestion: task(s) c0 at location
Current time: 2023-05-15 21:34:21
Status: 1 pending, 119 complete.
ID(s) of pending job(s) for c0: 120
Maximum number of jobs completed on all resources.
Making final recommendation:
Computing current best...
Feasible solution found.

Optimizing current best with scipy SLSQP

Minimum expected objective value satisfying constraints w/ high prob (c1:0.99990,c0:1.00000): 1.085133

At location:    
Have a nice day.
